# JRE version: OpenJDK Runtime Environment Temurin-21.0.8+9 (21.0.8+9) (build 21.0.8+9-LTS)
# Java VM: OpenJDK 64-Bit Server VM Temurin-21.0.8+9 (21.0.8+9-LTS, mixed mode, sharing, tiered, compressed oops, compressed class ptrs, parallel gc, windows-amd64)
GC Precious Log:
 CardTable entry size: 512
 CPUs: 8 total, 8 available
 Memory: 7455M
 Large Page Support: Disabled
 NUMA Support: Disabled
 Compressed Oops: Enabled (32-bit)
 Alignments: Space 512K, Generation 512K, Heap 2M
 Heap Min Capacity: 100M
 Heap Initial Capacity: 100M
 Heap Max Capacity: 2G
 Pre-touch: Disabled
 Parallel Workers: 8
Heap:
 PSYoungGen      total 23552K, used 19919K [0x00000000d5580000, 0x00000000d7900000, 0x0000000100000000)
  eden space 11776K, 70% used [0x00000000d5580000,0x00000000d5da5c28,0x00000000d6100000)
  from space 11776K, 98% used [0x00000000d6100000,0x00000000d6c4e170,0x00000000d6c80000)
  to   space 12288K, 0% used [0x00000000d6d00000,0x00000000d6d00000,0x00000000d7900000)
 ParOldGen       total 1187840K, used 335767K [0x0000000080000000, 0x00000000c8800000, 0x00000000d5580000)
  object space 1187840K, 28% used [0x0000000080000000,0x00000000947e5f78,0x00000000c8800000)
 Metaspace       used 85227K, committed 86784K, reserved 1179648K
  class space    used 8618K, committed 9344K, reserved 1048576K
GC Heap History (20 events):
Event: 18785.655 GC heap before
{Heap before GC invocations=2739 (full 5):
 PSYoungGen      total 15360K, used 14308K [0x00000000d5580000, 0x00000000d6880000, 0x0000000100000000)
  eden space 12800K, 100% used [0x00000000d5580000,0x00000000d6200000,0x00000000d6200000)
  from space 2560K, 58% used [0x00000000d6200000,0x00000000d6379210,0x00000000d6480000)
  to   space 2048K, 0% used [0x00000000d6680000,0x00000000d6680000,0x00000000d6880000)
 ParOldGen       total 1187840K, used 313014K [0x0000000080000000, 0x00000000c8800000, 0x00000000d5580000)
  object space 1187840K, 26% used [0x0000000080000000,0x00000000931adb78,0x00000000c8800000)
 Metaspace       used 84943K, committed 86528K, reserved 1179648K
  class space    used 8594K, committed 9344K, reserved 1048576K
}
Event: 18785.664 GC heap after
{Heap after GC invocations=2739 (full 5):
 PSYoungGen      total 16384K, used 852K [0x00000000d5580000, 0x00000000d6780000, 0x0000000100000000)
  eden space 15360K, 0% used [0x00000000d5580000,0x00000000d5580000,0x00000000d6480000)
  from space 1024K, 83% used [0x00000000d6680000,0x00000000d6755200,0x00000000d6780000)
  to   space 1536K, 0% used [0x00000000d6480000,0x00000000d6480000,0x00000000d6600000)
 ParOldGen       total 1187840K, used 314419K [0x0000000080000000, 0x00000000c8800000, 0x00000000d5580000)
  object space 1187840K, 26% used [0x0000000080000000,0x000000009330ce18,0x00000000c8800000)
 Metaspace       used 84943K, committed 86528K, reserved 1179648K
  class space    used 8594K, committed 9344K, reserved 1048576K
}
Event: 18785.719 GC heap before
{Heap before GC invocations=2740 (full 5):
 PSYoungGen      total 16384K, used 16212K [0x00000000d5580000, 0x00000000d6780000, 0x0000000100000000)
  eden space 15360K, 100% used [0x00000000d5580000,0x00000000d6480000,0x00000000d6480000)
  from space 1024K, 83% used [0x00000000d6680000,0x00000000d6755200,0x00000000d6780000)
  to   space 1536K, 0% used [0x00000000d6480000,0x00000000d6480000,0x00000000d6600000)
 ParOldGen       total 1187840K, used 314419K [0x0000000080000000, 0x00000000c8800000, 0x00000000d5580000)
  object space 1187840K, 26% used [0x0000000080000000,0x000000009330ce18,0x00000000c8800000)
 Metaspace       used 84943K, committed 86528K, reserved 1179648K
  class space    used 8594K, committed 9344K, reserved 1048576K
}
Event: 18785.724 GC heap after
{Heap after GC invocations=2740 (full 5):
 PSYoungGen      total 16896K, used 916K [0x00000000d5580000, 0x00000000d6700000, 0x0000000100000000)
  eden space 15360K, 0% used [0x00000000d5580000,0x00000000d5580000,0x00000000d6480000)
  from space 1536K, 59% used [0x00000000d6480000,0x00000000d6565200,0x00000000d6600000)
  to   space 1024K, 0% used [0x00000000d6600000,0x00000000d6600000,0x00000000d6700000)
 ParOldGen       total 1187840K, used 315164K [0x0000000080000000, 0x00000000c8800000, 0x00000000d5580000)
  object space 1187840K, 26% used [0x0000000080000000,0x00000000933c72d0,0x00000000c8800000)
 Metaspace       used 84943K, committed 86528K, reserved 1179648K
  class space    used 8594K, committed 9344K, reserved 1048576K
}
Event: 18785.950 GC heap before
{Heap before GC invocations=2741 (full 5):
 PSYoungGen      total 16896K, used 16276K [0x00000000d5580000, 0x00000000d6700000, 0x0000000100000000)
  eden space 15360K, 100% used [0x00000000d5580000,0x00000000d6480000,0x00000000d6480000)
  from space 1536K, 59% used [0x00000000d6480000,0x00000000d6565200,0x00000000d6600000)
  to   space 1024K, 0% used [0x00000000d6600000,0x00000000d6600000,0x00000000d6700000)
 ParOldGen       total 1187840K, used 315164K [0x0000000080000000, 0x00000000c8800000, 0x00000000d5580000)
  object space 1187840K, 26% used [0x0000000080000000,0x00000000933c72d0,0x00000000c8800000)
 Metaspace       used 84943K, committed 86528K, reserved 1179648K
  class space    used 8594K, committed 9344K, reserved 1048576K
}
Event: 18785.956 GC heap after
{Heap after GC invocations=2741 (full 5):
 PSYoungGen      total 16384K, used 948K [0x00000000d5580000, 0x00000000d6700000, 0x0000000100000000)
  eden space 15360K, 0% used [0x00000000d5580000,0x00000000d5580000,0x00000000d6480000)
  from space 1024K, 92% used [0x00000000d6600000,0x00000000d66ed200,0x00000000d6700000)
  to   space 1024K, 0% used [0x00000000d6500000,0x00000000d6500000,0x00000000d6600000)
 ParOldGen       total 1187840K, used 315953K [0x0000000080000000, 0x00000000c8800000, 0x00000000d5580000)
  object space 1187840K, 26% used [0x0000000080000000,0x000000009348c520,0x00000000c8800000)
 Metaspace       used 84943K, committed 86528K, reserved 1179648K
  class space    used 8594K, committed 9344K, reserved 1048576K
}
Event: 18787.274 GC heap before
{Heap before GC invocations=2742 (full 5):
 PSYoungGen      total 16384K, used 16308K [0x00000000d5580000, 0x00000000d6700000, 0x0000000100000000)
  eden space 15360K, 100% used [0x00000000d5580000,0x00000000d6480000,0x00000000d6480000)
  from space 1024K, 92% used [0x00000000d6600000,0x00000000d66ed200,0x00000000d6700000)
  to   space 1024K, 0% used [0x00000000d6500000,0x00000000d6500000,0x00000000d6600000)
 ParOldGen       total 1187840K, used 315953K [0x0000000080000000, 0x00000000c8800000, 0x00000000d5580000)
  object space 1187840K, 26% used [0x0000000080000000,0x000000009348c520,0x00000000c8800000)
 Metaspace       used 84943K, committed 86528K, reserved 1179648K
  class space    used 8594K, committed 9344K, reserved 1048576K
}
Event: 18787.283 GC heap after
{Heap after GC invocations=2742 (full 5):
 PSYoungGen      total 16384K, used 1012K [0x00000000d5580000, 0x00000000d6980000, 0x0000000100000000)
  eden space 15360K, 0% used [0x00000000d5580000,0x00000000d5580000,0x00000000d6480000)
  from space 1024K, 98% used [0x00000000d6500000,0x00000000d65fd200,0x00000000d6600000)
  to   space 2560K, 0% used [0x00000000d6700000,0x00000000d6700000,0x00000000d6980000)
 ParOldGen       total 1187840K, used 317109K [0x0000000080000000, 0x00000000c8800000, 0x00000000d5580000)
  object space 1187840K, 26% used [0x0000000080000000,0x00000000935ad7c0,0x00000000c8800000)
 Metaspace       used 84943K, committed 86528K, reserved 1179648K
  class space    used 8594K, committed 9344K, reserved 1048576K
}
Event: 18787.765 GC heap before
{Heap before GC invocations=2743 (full 5):
 PSYoungGen      total 16384K, used 16372K [0x00000000d5580000, 0x00000000d6980000, 0x0000000100000000)
  eden space 15360K, 100% used [0x00000000d5580000,0x00000000d6480000,0x00000000d6480000)
  from space 1024K, 98% used [0x00000000d6500000,0x00000000d65fd200,0x00000000d6600000)
  to   space 2560K, 0% used [0x00000000d6700000,0x00000000d6700000,0x00000000d6980000)
 ParOldGen       total 1187840K, used 317109K [0x0000000080000000, 0x00000000c8800000, 0x00000000d5580000)
  object space 1187840K, 26% used [0x0000000080000000,0x00000000935ad7c0,0x00000000c8800000)
 Metaspace       used 84943K, committed 86528K, reserved 1179648K
  class space    used 8594K, committed 9344K, reserved 1048576K
}
Event: 18787.776 GC heap after
{Heap after GC invocations=2743 (full 5):
 PSYoungGen      total 16384K, used 596K [0x00000000d5580000, 0x00000000d6800000, 0x0000000100000000)
  eden space 15360K, 0% used [0x00000000d5580000,0x00000000d5580000,0x00000000d6480000)
  from space 1024K, 58% used [0x00000000d6700000,0x00000000d6795220,0x00000000d6800000)
  to   space 1536K, 0% used [0x00000000d6500000,0x00000000d6500000,0x00000000d6680000)
 ParOldGen       total 1187840K, used 318122K [0x0000000080000000, 0x00000000c8800000, 0x00000000d5580000)
  object space 1187840K, 26% used [0x0000000080000000,0x00000000936aaa00,0x00000000c8800000)
 Metaspace       used 84943K, committed 86528K, reserved 1179648K
  class space    used 8594K, committed 9344K, reserved 1048576K
}
Event: 18787.816 GC heap before
{Heap before GC invocations=2744 (full 5):
 PSYoungGen      total 16384K, used 15956K [0x00000000d5580000, 0x00000000d6800000, 0x0000000100000000)
  eden space 15360K, 100% used [0x00000000d5580000,0x00000000d6480000,0x00000000d6480000)
  from space 1024K, 58% used [0x00000000d6700000,0x00000000d6795220,0x00000000d6800000)
  to   space 1536K, 0% used [0x00000000d6500000,0x00000000d6500000,0x00000000d6680000)
 ParOldGen       total 1187840K, used 318122K [0x0000000080000000, 0x00000000c8800000, 0x00000000d5580000)
  object space 1187840K, 26% used [0x0000000080000000,0x00000000936aaa00,0x00000000c8800000)
 Metaspace       used 84944K, committed 86528K, reserved 1179648K
  class space    used 8594K, committed 9344K, reserved 1048576K
}
Event: 18787.821 GC heap after
{Heap after GC invocations=2744 (full 5):
 PSYoungGen      total 16896K, used 500K [0x00000000d5580000, 0x00000000d6780000, 0x0000000100000000)
  eden space 15360K, 0% used [0x00000000d5580000,0x00000000d5580000,0x00000000d6480000)
  from space 1536K, 32% used [0x00000000d6500000,0x00000000d657d200,0x00000000d6680000)
  to   space 1024K, 0% used [0x00000000d6680000,0x00000000d6680000,0x00000000d6780000)
 ParOldGen       total 1187840K, used 318530K [0x0000000080000000, 0x00000000c8800000, 0x00000000d5580000)
  object space 1187840K, 26% used [0x0000000080000000,0x0000000093710a40,0x00000000c8800000)
 Metaspace       used 84944K, committed 86528K, reserved 1179648K
  class space    used 8594K, committed 9344K, reserved 1048576K
}
Event: 18790.902 GC heap before
{Heap before GC invocations=2745 (full 5):
 PSYoungGen      total 16896K, used 15860K [0x00000000d5580000, 0x00000000d6780000, 0x0000000100000000)
  eden space 15360K, 100% used [0x00000000d5580000,0x00000000d6480000,0x00000000d6480000)
  from space 1536K, 32% used [0x00000000d6500000,0x00000000d657d200,0x00000000d6680000)
  to   space 1024K, 0% used [0x00000000d6680000,0x00000000d6680000,0x00000000d6780000)
 ParOldGen       total 1187840K, used 318530K [0x0000000080000000, 0x00000000c8800000, 0x00000000d5580000)
  object space 1187840K, 26% used [0x0000000080000000,0x0000000093710a40,0x00000000c8800000)
 Metaspace       used 85206K, committed 86720K, reserved 1179648K
  class space    used 8618K, committed 9344K, reserved 1048576K
}
Event: 18790.908 GC heap after
{Heap after GC invocations=2745 (full 5):
 PSYoungGen      total 16384K, used 564K [0x00000000d5580000, 0x00000000d6780000, 0x0000000100000000)
  eden space 15360K, 0% used [0x00000000d5580000,0x00000000d5580000,0x00000000d6480000)
  from space 1024K, 55% used [0x00000000d6680000,0x00000000d670d220,0x00000000d6780000)
  to   space 1024K, 0% used [0x00000000d6580000,0x00000000d6580000,0x00000000d6680000)
 ParOldGen       total 1187840K, used 318578K [0x0000000080000000, 0x00000000c8800000, 0x00000000d5580000)
  object space 1187840K, 26% used [0x0000000080000000,0x000000009371ca40,0x00000000c8800000)
 Metaspace       used 85206K, committed 86720K, reserved 1179648K
  class space    used 8618K, committed 9344K, reserved 1048576K
}
Event: 18793.920 GC heap before
{Heap before GC invocations=2746 (full 5):
 PSYoungGen      total 16384K, used 15924K [0x00000000d5580000, 0x00000000d6780000, 0x0000000100000000)
  eden space 15360K, 100% used [0x00000000d5580000,0x00000000d6480000,0x00000000d6480000)
  from space 1024K, 55% used [0x00000000d6680000,0x00000000d670d220,0x00000000d6780000)
  to   space 1024K, 0% used [0x00000000d6580000,0x00000000d6580000,0x00000000d6680000)
 ParOldGen       total 1187840K, used 318578K [0x0000000080000000, 0x00000000c8800000, 0x00000000d5580000)
  object space 1187840K, 26% used [0x0000000080000000,0x000000009371ca40,0x00000000c8800000)
 Metaspace       used 85225K, committed 86784K, reserved 1179648K
  class space    used 8618K, committed 9344K, reserved 1048576K
}
Event: 18793.971 GC heap after
{Heap after GC invocations=2746 (full 5):
 PSYoungGen      total 16384K, used 994K [0x00000000d5580000, 0x00000000d7680000, 0x0000000100000000)
  eden space 15360K, 0% used [0x00000000d5580000,0x00000000d5580000,0x00000000d6480000)
  from space 1024K, 97% used [0x00000000d6580000,0x00000000d6678ba8,0x00000000d6680000)
  to   space 9216K, 0% used [0x00000000d6d80000,0x00000000d6d80000,0x00000000d7680000)
 ParOldGen       total 1187840K, used 325242K [0x0000000080000000, 0x00000000c8800000, 0x00000000d5580000)
  object space 1187840K, 27% used [0x0000000080000000,0x0000000093d9e818,0x00000000c8800000)
 Metaspace       used 85225K, committed 86784K, reserved 1179648K
  class space    used 8618K, committed 9344K, reserved 1048576K
}
Event: 18794.082 GC heap before
{Heap before GC invocations=2747 (full 5):
 PSYoungGen      total 16384K, used 16354K [0x00000000d5580000, 0x00000000d7680000, 0x0000000100000000)
  eden space 15360K, 100% used [0x00000000d5580000,0x00000000d6480000,0x00000000d6480000)
  from space 1024K, 97% used [0x00000000d6580000,0x00000000d6678ba8,0x00000000d6680000)
  to   space 9216K, 0% used [0x00000000d6d80000,0x00000000d6d80000,0x00000000d7680000)
 ParOldGen       total 1187840K, used 325242K [0x0000000080000000, 0x00000000c8800000, 0x00000000d5580000)
  object space 1187840K, 27% used [0x0000000080000000,0x0000000093d9e818,0x00000000c8800000)
 Metaspace       used 85225K, committed 86784K, reserved 1179648K
  class space    used 8618K, committed 9344K, reserved 1048576K
}
Event: 18794.114 GC heap after
{Heap after GC invocations=2747 (full 5):
 PSYoungGen      total 20992K, used 9208K [0x00000000d5580000, 0x00000000d7d80000, 0x0000000100000000)
  eden space 11776K, 0% used [0x00000000d5580000,0x00000000d5580000,0x00000000d6100000)
  from space 9216K, 99% used [0x00000000d6d80000,0x00000000d767e000,0x00000000d7680000)
  to   space 12800K, 0% used [0x00000000d6100000,0x00000000d6100000,0x00000000d6d80000)
 ParOldGen       total 1187840K, used 327647K [0x0000000080000000, 0x00000000c8800000, 0x00000000d5580000)
  object space 1187840K, 27% used [0x0000000080000000,0x0000000093ff7f78,0x00000000c8800000)
 Metaspace       used 85225K, committed 86784K, reserved 1179648K
  class space    used 8618K, committed 9344K, reserved 1048576K
}
Event: 18794.268 GC heap before
{Heap before GC invocations=2748 (full 5):
 PSYoungGen      total 20992K, used 20984K [0x00000000d5580000, 0x00000000d7d80000, 0x0000000100000000)
  eden space 11776K, 100% used [0x00000000d5580000,0x00000000d6100000,0x00000000d6100000)
  from space 9216K, 99% used [0x00000000d6d80000,0x00000000d767e000,0x00000000d7680000)
  to   space 12800K, 0% used [0x00000000d6100000,0x00000000d6100000,0x00000000d6d80000)
 ParOldGen       total 1187840K, used 327647K [0x0000000080000000, 0x00000000c8800000, 0x00000000d5580000)
  object space 1187840K, 27% used [0x0000000080000000,0x0000000093ff7f78,0x00000000c8800000)
 Metaspace       used 85227K, committed 86784K, reserved 1179648K
  class space    used 8618K, committed 9344K, reserved 1048576K
}
Event: 18794.337 GC heap after
{Heap after GC invocations=2748 (full 5):
 PSYoungGen      total 23552K, used 11576K [0x00000000d5580000, 0x00000000d7900000, 0x0000000100000000)
  eden space 11776K, 0% used [0x00000000d5580000,0x00000000d5580000,0x00000000d6100000)
  from space 11776K, 98% used [0x00000000d6100000,0x00000000d6c4e170,0x00000000d6c80000)
  to   space 12288K, 0% used [0x00000000d6d00000,0x00000000d6d00000,0x00000000d7900000)
 ParOldGen       total 1187840K, used 335767K [0x0000000080000000, 0x00000000c8800000, 0x00000000d5580000)
  object space 1187840K, 28% used [0x0000000080000000,0x00000000947e5f78,0x00000000c8800000)
 Metaspace       used 85227K, committed 86784K, reserved 1179648K
  class space    used 8618K, committed 9344K, reserved 1048576K
}

